# JRE version: OpenJDK Runtime Environment (17.0.2+8) (build 17.0.2+8-86)
# Java VM: OpenJDK 64-Bit Server VM (17.0.2+8-86, mixed mode, sharing, tiered, compressed oops, compressed class ptrs, g1 gc, bsd-aarch64)
GC Precious Log:
 CPUs: 8 total, 8 available
 Memory: 32768M
 Large Page Support: Disabled
 NUMA Support: Disabled
 Compressed Oops: Enabled (Zero based)
 Heap Region Size: 4M
 Heap Min Capacity: 8M
 Heap Initial Capacity: 512M
 Heap Max Capacity: 8G
 Pre-touch: Disabled
 Parallel Workers: 8
 Concurrent Workers: 2
 Concurrent Refinement Workers: 8
 Periodic GC: Disabled
Heap:
 garbage-first heap   total 98304K, used 43620K [0x0000000600000000, 0x0000000800000000)
  region size 4096K, 7 young (28672K), 1 survivors (4096K)
 Metaspace       used 63532K, committed 64064K, reserved 1105920K
  class space    used 8524K, committed 8768K, reserved 1048576K
GC Heap History (20 events):
Event: 0.931 GC heap before
{Heap before GC invocations=3 (full 0):
 garbage-first heap   total 532480K, used 100702K [0x0000000600000000, 0x0000000800000000)
  region size 4096K, 23 young (94208K), 1 survivors (4096K)
 Metaspace       used 21256K, committed 21504K, reserved 1073152K
  class space    used 2678K, committed 2816K, reserved 1048576K
}
Event: 0.933 GC heap after
{Heap after GC invocations=4 (full 0):
 garbage-first heap   total 532480K, used 16405K [0x0000000600000000, 0x0000000800000000)
  region size 4096K, 1 young (4096K), 1 survivors (4096K)
 Metaspace       used 21256K, committed 21504K, reserved 1073152K
  class space    used 2678K, committed 2816K, reserved 1048576K
}
Event: 1.360 GC heap before
{Heap before GC invocations=5 (full 0):
 garbage-first heap   total 98304K, used 69653K [0x0000000600000000, 0x0000000800000000)
  region size 4096K, 14 young (57344K), 1 survivors (4096K)
 Metaspace       used 25694K, committed 26048K, reserved 1073152K
  class space    used 3344K, committed 3520K, reserved 1048576K
}
Event: 1.363 GC heap after
{Heap after GC invocations=6 (full 0):
 garbage-first heap   total 98304K, used 17884K [0x0000000600000000, 0x0000000800000000)
  region size 4096K, 2 young (8192K), 2 survivors (8192K)
 Metaspace       used 25694K, committed 26048K, reserved 1073152K
  class space    used 3344K, committed 3520K, reserved 1048576K
}
Event: 1.374 GC heap before
{Heap before GC invocations=6 (full 0):
 garbage-first heap   total 98304K, used 17884K [0x0000000600000000, 0x0000000800000000)
  region size 4096K, 3 young (12288K), 2 survivors (8192K)
 Metaspace       used 26040K, committed 26368K, reserved 1073152K
  class space    used 3389K, committed 3520K, reserved 1048576K
}
Event: 1.377 GC heap after
{Heap after GC invocations=7 (full 0):
 garbage-first heap   total 98304K, used 18145K [0x0000000600000000, 0x0000000800000000)
  region size 4096K, 1 young (4096K), 1 survivors (4096K)
 Metaspace       used 26040K, committed 26368K, reserved 1073152K
  class space    used 3389K, committed 3520K, reserved 1048576K
}
Event: 1.508 GC heap before
{Heap before GC invocations=7 (full 0):
 garbage-first heap   total 98304K, used 67297K [0x0000000600000000, 0x0000000800000000)
  region size 4096K, 13 young (53248K), 1 survivors (4096K)
 Metaspace       used 30423K, committed 30784K, reserved 1081344K
  class space    used 3854K, committed 3968K, reserved 1048576K
}
Event: 1.511 GC heap after
{Heap after GC invocations=8 (full 0):
 garbage-first heap   total 98304K, used 18562K [0x0000000600000000, 0x0000000800000000)
  region size 4096K, 1 young (4096K), 1 survivors (4096K)
 Metaspace       used 30423K, committed 30784K, reserved 1081344K
  class space    used 3854K, committed 3968K, reserved 1048576K
}
Event: 1.636 GC heap before
{Heap before GC invocations=8 (full 0):
 garbage-first heap   total 98304K, used 67714K [0x0000000600000000, 0x0000000800000000)
  region size 4096K, 13 young (53248K), 1 survivors (4096K)
 Metaspace       used 34906K, committed 35328K, reserved 1081344K
  class space    used 4393K, committed 4608K, reserved 1048576K
}
Event: 1.638 GC heap after
{Heap after GC invocations=9 (full 0):
 garbage-first heap   total 311296K, used 19515K [0x0000000600000000, 0x0000000800000000)
  region size 4096K, 1 young (4096K), 1 survivors (4096K)
 Metaspace       used 34906K, committed 35328K, reserved 1081344K
  class space    used 4393K, committed 4608K, reserved 1048576K
}
Event: 1.665 GC heap before
{Heap before GC invocations=9 (full 0):
 garbage-first heap   total 311296K, used 23611K [0x0000000600000000, 0x0000000800000000)
  region size 4096K, 3 young (12288K), 1 survivors (4096K)
 Metaspace       used 35925K, committed 36288K, reserved 1081344K
  class space    used 4672K, committed 4864K, reserved 1048576K
}
Event: 1.666 GC heap after
{Heap after GC invocations=10 (full 0):
 garbage-first heap   total 311296K, used 19505K [0x0000000600000000, 0x0000000800000000)
  region size 4096K, 1 young (4096K), 1 survivors (4096K)
 Metaspace       used 35925K, committed 36288K, reserved 1081344K
  class space    used 4672K, committed 4864K, reserved 1048576K
}
Event: 1.891 GC heap before
{Heap before GC invocations=11 (full 0):
 garbage-first heap   total 98304K, used 80945K [0x0000000600000000, 0x0000000800000000)
  region size 4096K, 17 young (69632K), 1 survivors (4096K)
 Metaspace       used 41464K, committed 41920K, reserved 1089536K
  class space    used 5534K, committed 5760K, reserved 1048576K
}
Event: 1.893 GC heap after
{Heap after GC invocations=12 (full 0):
 garbage-first heap   total 98304K, used 20140K [0x0000000600000000, 0x0000000800000000)
  region size 4096K, 1 young (4096K), 1 survivors (4096K)
 Metaspace       used 41464K, committed 41920K, reserved 1089536K
  class space    used 5534K, committed 5760K, reserved 1048576K
}
Event: 2.975 GC heap before
{Heap before GC invocations=12 (full 0):
 garbage-first heap   total 98304K, used 73388K [0x0000000600000000, 0x0000000800000000)
  region size 4096K, 14 young (57344K), 1 survivors (4096K)
 Metaspace       used 53093K, committed 53632K, reserved 1097728K
  class space    used 7062K, committed 7360K, reserved 1048576K
}
Event: 2.980 GC heap after
{Heap after GC invocations=13 (full 0):
 garbage-first heap   total 98304K, used 24249K [0x0000000600000000, 0x0000000800000000)
  region size 4096K, 2 young (8192K), 2 survivors (8192K)
 Metaspace       used 53093K, committed 53632K, reserved 1097728K
  class space    used 7062K, committed 7360K, reserved 1048576K
}
Event: 3.263 GC heap before
{Heap before GC invocations=13 (full 0):
 garbage-first heap   total 98304K, used 69305K [0x0000000600000000, 0x0000000800000000)
  region size 4096K, 13 young (53248K), 2 survivors (8192K)
 Metaspace       used 59990K, committed 60480K, reserved 1105920K
  class space    used 8029K, committed 8256K, reserved 1048576K
}
Event: 3.269 GC heap after
{Heap after GC invocations=14 (full 0):
 garbage-first heap   total 98304K, used 27707K [0x0000000600000000, 0x0000000800000000)
  region size 4096K, 1 young (4096K), 1 survivors (4096K)
 Metaspace       used 59990K, committed 60480K, reserved 1105920K
  class space    used 8029K, committed 8256K, reserved 1048576K
}
Event: 3.291 GC heap before
{Heap before GC invocations=14 (full 0):
 garbage-first heap   total 98304K, used 27707K [0x0000000600000000, 0x0000000800000000)
  region size 4096K, 2 young (8192K), 1 survivors (4096K)
 Metaspace       used 60343K, committed 60800K, reserved 1105920K
  class space    used 8086K, committed 8320K, reserved 1048576K
}
Event: 3.293 GC heap after
{Heap after GC invocations=15 (full 0):
 garbage-first heap   total 98304K, used 27236K [0x0000000600000000, 0x0000000800000000)
  region size 4096K, 1 young (4096K), 1 survivors (4096K)
 Metaspace       used 60343K, committed 60800K, reserved 1105920K
  class space    used 8086K, committed 8320K, reserved 1048576K
}

